[preview.colorlib.com/theme/aranoz/index.html]
[backblue.gif]
[fade.gif]
[index.html]
[preview.colorlib.com/theme/aranoz/img/xfavicon.png.pagespeed.ic.pBryiaU2YA.png]
[preview.colorlib.com/theme/aranoz/css/style.css]
[preview.colorlib.com/theme/aranoz/css/bootstrap.min.css+animate.css+owl.carousel.min.css+all.css+flaticon.css+themify-icons.css+magnific-popup.css+slick.css.pagespeed.cc.RptZlr4aGY.css]
[preview.colorlib.com/theme/aranoz/index-2.html]
[preview.colorlib.com/theme/aranoz/img/xlogo.png.pagespeed.ic.zI2SKI010u.png]
[preview.colorlib.com/theme/aranoz/blog.html]
[preview.colorlib.com/theme/aranoz/category.html]
[preview.colorlib.com/theme/aranoz/single-product.html]
[preview.colorlib.com/theme/aranoz/login.html]
[preview.colorlib.com/theme/aranoz/tracking.html]
[preview.colorlib.com/theme/aranoz/checkout.html]
[preview.colorlib.com/theme/aranoz/cart.html]
[preview.colorlib.com/theme/aranoz/confirmation.html]
[preview.colorlib.com/theme/aranoz/elements.html]
[preview.colorlib.com/theme/aranoz/single-blog.html]
[preview.colorlib.com/theme/aranoz/contact.html]
[preview.colorlib.com/theme/aranoz/img/xbanner_img.png.pagespeed.ic.jACwZhtrZ3.png]
[preview.colorlib.com/theme/aranoz/img/feature/xfeature_1.png.pagespeed.ic.7KpwcSnSPx.png]
[preview.colorlib.com/theme/aranoz/img/feature/xfeature_2.png.pagespeed.ic.MtwJ8IRpvL.png]
[preview.colorlib.com/theme/aranoz/img/feature/xfeature_3.png.pagespeed.ic.V0w2I06NUD.png]
[preview.colorlib.com/theme/aranoz/img/feature/xfeature_4.png.pagespeed.ic.8h6o7ZduQk.png]
[preview.colorlib.com/theme/aranoz/img/product/xproduct_1.png.pagespeed.ic.zcUuYW5UEY.png]
[preview.colorlib.com/theme/aranoz/img/product/xproduct_2.png.pagespeed.ic.o70ZeeStwq.png]
[preview.colorlib.com/theme/aranoz/img/product/xproduct_3.png.pagespeed.ic.c35V289i18.png]
[preview.colorlib.com/theme/aranoz/img/product/xproduct_4.png.pagespeed.ic.kIabirvgae.png]
[preview.colorlib.com/theme/aranoz/img/product/xproduct_5.png.pagespeed.ic.i9PyC8Y1TR.png]
[preview.colorlib.com/theme/aranoz/img/product/xproduct_6.png.pagespeed.ic.zcUuYW5UEY.png]
[preview.colorlib.com/theme/aranoz/img/product/xproduct_7.png.pagespeed.ic.rnieT7kDrD.png]
[preview.colorlib.com/theme/aranoz/img/product/xproduct_8.png.pagespeed.ic.c_yTDNfIir.png]
[preview.colorlib.com/theme/aranoz/img/xoffer_img.png.pagespeed.ic.Z2WCxqoPMC.png]
[preview.colorlib.com/theme/aranoz/img/client_logo/xclient_logo_1.png.pagespeed.ic.k13XFWCmRf.png]
[preview.colorlib.com/theme/aranoz/img/client_logo/xclient_logo_2.png.pagespeed.ic.uepJbkHuUu.png]
[preview.colorlib.com/theme/aranoz/img/client_logo/xclient_logo_3.png.pagespeed.ic.H_uUuAbgZe.png]
[preview.colorlib.com/theme/aranoz/img/client_logo/xclient_logo_4.png.pagespeed.ic.O3G1tmH6rK.png]
[preview.colorlib.com/theme/aranoz/img/client_logo/xclient_logo_5.png.pagespeed.ic.Sjf57fWucp.png]
[preview.colorlib.com/theme/aranoz/js/jquery-1.12.1.min.js.pagespeed.jm.uG3i5WFiaG.js]
[preview.colorlib.com/theme/aranoz/js/popper.min.js+bootstrap.min.js.pagespeed.jc.3ZmJQ5_xD_.js]
[preview.colorlib.com/theme/aranoz/js/jquery.magnific-popup.js.pagespeed.jm.rIDxOE9-fA.js]
[preview.colorlib.com/theme/aranoz/js/swiper.min.js.pagespeed.jm.UqvvPkMNwo.js]
[preview.colorlib.com/theme/aranoz/js/masonry.pkgd.js.pagespeed.jm.9myePOE3pk.js]
[preview.colorlib.com/theme/aranoz/js/owl.carousel.min.js+jquery.nice-select.min.js+slick.min.js+jquery.counterup.min.js+waypoints.min.js.pagespeed.jc._P-MKqJjhZ.js]
[preview.colorlib.com/theme/aranoz/index.html]
[preview.colorlib.com/theme/aranoz/js/contact.js+jquery.ajaxchimp.min.js+jquery.form.js+jquery.validate.min.js+mail-script.js+custom.js.pagespeed.jc.HQtTSVnweH.js]
[preview.colorlib.com/theme/aranoz/webfonts/fa-brands-400.eot]
[preview.colorlib.com/theme/aranoz/webfonts/fa-brands-400d41d.eot]
[preview.colorlib.com/theme/aranoz/webfonts/fa-brands-400.woff2]
[preview.colorlib.com/theme/aranoz/webfonts/fa-brands-400.woff]
[preview.colorlib.com/theme/aranoz/webfonts/fa-brands-400.ttf]
[preview.colorlib.com/theme/aranoz/webfonts/fa-regular-400.eot]
[preview.colorlib.com/theme/aranoz/webfonts/fa-regular-400d41d.eot]
[preview.colorlib.com/theme/aranoz/webfonts/fa-regular-400.woff2]
[preview.colorlib.com/theme/aranoz/webfonts/fa-regular-400.woff]
[preview.colorlib.com/theme/aranoz/webfonts/fa-regular-400.ttf]
[preview.colorlib.com/theme/aranoz/webfonts/fa-solid-900.eot]
[preview.colorlib.com/theme/aranoz/webfonts/fa-solid-900d41d.eot]
[preview.colorlib.com/theme/aranoz/webfonts/fa-solid-900.woff2]
[preview.colorlib.com/theme/aranoz/webfonts/fa-solid-900.woff]
[preview.colorlib.com/theme/aranoz/webfonts/fa-solid-900.ttf]
[preview.colorlib.com/theme/aranoz/fonts/Flaticon.eot]
[preview.colorlib.com/theme/aranoz/fonts/Flaticond41d.eot]
[preview.colorlib.com/theme/aranoz/fonts/Flaticon.woff2]
[preview.colorlib.com/theme/aranoz/fonts/Flaticon.woff]
[preview.colorlib.com/theme/aranoz/fonts/Flaticon.ttf]
[preview.colorlib.com/theme/aranoz/fonts/themify9f24.eot]
[preview.colorlib.com/theme/aranoz/fonts/themifyd41d.eot]
[preview.colorlib.com/theme/aranoz/fonts/themify9f24.woff]
[preview.colorlib.com/theme/aranoz/fonts/themify9f24.ttf]
[preview.colorlib.com/theme/aranoz/css/bootstrap.min.css+animate.css+owl.carousel.min.css+all.css+flaticon.css+themify-icons.css+magnific-popup.css+slick.css.pagespeed.cc.RptZlr4aGY.css]
[preview.colorlib.com/theme/aranoz/img/subscribe_area.png]
[preview.colorlib.com/theme/aranoz/img/elements/primary-check.png]
[preview.colorlib.com/theme/aranoz/img/elements/success-check.png]
[preview.colorlib.com/theme/aranoz/img/elements/disabled-check.png]
[preview.colorlib.com/theme/aranoz/img/elements/primary-radio.png]
[preview.colorlib.com/theme/aranoz/img/elements/success-radio.png]
[preview.colorlib.com/theme/aranoz/img/elements/disabled-radio.png]
[preview.colorlib.com/theme/aranoz/img/breadcrumb.png]
[preview.colorlib.com/theme/aranoz/css/style.css]
[preview.colorlib.com/theme/aranoz/index-2.html]
[preview.colorlib.com/theme/aranoz/css/A.bootstrap.min.css+animate.css+owl.carousel.min.css+all.css+flaticon.css+themify-icons.css+magnific-popup.css+slick.css,Mcc.RptZlr4aGY.css.pagespeed.cf.MX3wy]
[preview.colorlib.com/theme/aranoz/img/blog/single_blog_1.png]
[preview.colorlib.com/theme/aranoz/img/blog/single_blog_2.png]
[preview.colorlib.com/theme/aranoz/img/blog/single_blog_3.png]
[preview.colorlib.com/theme/aranoz/img/blog/single_blog_4.png]
[preview.colorlib.com/theme/aranoz/img/blog/single_blog_5.png]
[preview.colorlib.com/theme/aranoz/img/post/post_1.png]
[preview.colorlib.com/theme/aranoz/img/post/post_2.png]
[preview.colorlib.com/theme/aranoz/img/post/post_3.png]
[preview.colorlib.com/theme/aranoz/img/post/post_4.png]
[preview.colorlib.com/theme/aranoz/img/post/post_5.png]
[preview.colorlib.com/theme/aranoz/img/post/post_6.png]
[preview.colorlib.com/theme/aranoz/img/post/post_7.png]
[preview.colorlib.com/theme/aranoz/img/post/post_8.png]
[preview.colorlib.com/theme/aranoz/img/post/post_9.png]
[preview.colorlib.com/theme/aranoz/img/post/post_10.png]
[preview.colorlib.com/theme/aranoz/blog.html]
[preview.colorlib.com/theme/aranoz/css/bootstrap.min.css]
[preview.colorlib.com/theme/aranoz/css/animate.css]
[preview.colorlib.com/theme/aranoz/css/owl.carousel.min.css]
[preview.colorlib.com/theme/aranoz/css/nice-select.css]
[preview.colorlib.com/theme/aranoz/css/all.css]
[preview.colorlib.com/theme/aranoz/css/flaticon.css]
[preview.colorlib.com/theme/aranoz/css/themify-icons.css]
[preview.colorlib.com/theme/aranoz/css/magnific-popup.css]
[preview.colorlib.com/theme/aranoz/css/slick.css]
[preview.colorlib.com/theme/aranoz/css/price_rangs.css]
[preview.colorlib.com/theme/aranoz/js/jquery-1.12.1.min.js]
[preview.colorlib.com/theme/aranoz/js/popper.min.js]
[preview.colorlib.com/theme/aranoz/js/bootstrap.min.js]
[preview.colorlib.com/theme/aranoz/js/jquery.magnific-popup.js]
[preview.colorlib.com/theme/aranoz/js/masonry.pkgd.js]
[preview.colorlib.com/theme/aranoz/js/swiper.min.js]
[preview.colorlib.com/theme/aranoz/js/owl.carousel.min.js]
[preview.colorlib.com/theme/aranoz/js/jquery.nice-select.min.js]
[preview.colorlib.com/theme/aranoz/js/slick.min.js]
[preview.colorlib.com/theme/aranoz/js/jquery.counterup.min.js]
[preview.colorlib.com/theme/aranoz/js/waypoints.min.js]
[preview.colorlib.com/theme/aranoz/js/contact.js]
[preview.colorlib.com/theme/aranoz/js/jquery.ajaxchimp.min.js]
[preview.colorlib.com/theme/aranoz/js/jquery.form.js]
[preview.colorlib.com/theme/aranoz/js/jquery.validate.min.js]
[preview.colorlib.com/theme/aranoz/js/mail-script.js]
[preview.colorlib.com/theme/aranoz/js/stellar.js]
[preview.colorlib.com/theme/aranoz/js/price_rangs.js]
[preview.colorlib.com/theme/aranoz/js/custom.js]
[preview.colorlib.com/theme/aranoz/category.html]
[preview.colorlib.com/theme/aranoz/css/lightslider.min.css]
[preview.colorlib.com/theme/aranoz/img/product/single-product/product_1.png]
[preview.colorlib.com/theme/aranoz/img/product/single-product/review-1.png]
[preview.colorlib.com/theme/aranoz/img/product/single-product/review-2.png]
[preview.colorlib.com/theme/aranoz/img/product/single-product/review-3.png]
[preview.colorlib.com/theme/aranoz/js/lightslider.min.js]
[preview.colorlib.com/theme/aranoz/js/swiper.jquery.js]
[preview.colorlib.com/theme/aranoz/js/theme.js]
[preview.colorlib.com/theme/aranoz/single-product.html]
[preview.colorlib.com/theme/aranoz/css/A.style.css.pagespeed.cf.I0xkebWZ-c.css]
[preview.colorlib.com/theme/aranoz/js/popper.min.js.pagespeed.jm.p1gCg9QMoG.js]
[preview.colorlib.com/theme/aranoz/js/bootstrap.min.js.pagespeed.jm.m29fZhtnNs.js]
[preview.colorlib.com/theme/aranoz/js/owl.carousel.min.js.pagespeed.jm.bc4eZ_4s1d.js]
[preview.colorlib.com/theme/aranoz/js/jquery.nice-select.min.js.pagespeed.jm.aP1q9B2l3E.js]
[preview.colorlib.com/theme/aranoz/js/slick.min.js.pagespeed.jm.EqlIC57u07.js]
[preview.colorlib.com/theme/aranoz/js/jquery.counterup.min.js.pagespeed.jm.BsxRFK7mSH.js]
[preview.colorlib.com/theme/aranoz/js/waypoints.min.js.pagespeed.jm.pcNPmj-8Bj.js]
[preview.colorlib.com/theme/aranoz/js/contact.js.pagespeed.jm.ot1XGuOLIg.js]
[preview.colorlib.com/theme/aranoz/js/jquery.ajaxchimp.min.js.pagespeed.jm.SPTjN55HK1.js]
[preview.colorlib.com/theme/aranoz/js/jquery.form.js.pagespeed.jm.-1Ol07o_Dd.js]
[preview.colorlib.com/theme/aranoz/js/jquery.validate.min.js.pagespeed.jm.37t9D6To4j.js]
[preview.colorlib.com/theme/aranoz/js/mail-script.js.pagespeed.jm.vQz4Wxn9bn.js]
[preview.colorlib.com/theme/aranoz/js/custom.js.pagespeed.jm.tqkS6_Pw_X.js]
[preview.colorlib.com/theme/aranoz/login.html]
[preview.colorlib.com/theme/aranoz/js/contact.js+jquery.ajaxchimp.min.js+jquery.form.js+jquery.validate.min.js+mail-script.js+stellar.js.pagespeed.jc.idY_yf4-4V.js]
[preview.colorlib.com/theme/aranoz/js/price_rangs.js.pagespeed.jm.W8XBXpp_DB.js]
[preview.colorlib.com/theme/aranoz/tracking.html]
[preview.colorlib.com/theme/aranoz/img/product/single-product/card.jpg]
[preview.colorlib.com/theme/aranoz/checkout.html]
[preview.colorlib.com/theme/aranoz/img/product/single-product/cart-1.jpg]
[preview.colorlib.com/theme/aranoz/cart.html]
[preview.colorlib.com/theme/aranoz/confirmation.html]
[preview.colorlib.com/theme/aranoz/css/A.bootstrap.min.css+animate.css+owl.carousel.min.css+nice-select.css+all.css+flaticon.css+themify-icons.css+magnific-popup.css+slick.css+price_rangs.css,Mcc.1]
[preview.colorlib.com/theme/aranoz/img/elements/d.jpg]
[preview.colorlib.com/theme/aranoz/img/elements/f1.jpg]
[preview.colorlib.com/theme/aranoz/img/elements/f2.jpg]
[preview.colorlib.com/theme/aranoz/img/elements/f3.jpg]
[preview.colorlib.com/theme/aranoz/img/elements/f4.jpg]
[preview.colorlib.com/theme/aranoz/img/elements/f5.jpg]
[preview.colorlib.com/theme/aranoz/img/elements/f6.jpg]
[preview.colorlib.com/theme/aranoz/img/elements/f7.jpg]
[preview.colorlib.com/theme/aranoz/img/elements/f8.jpg]
[preview.colorlib.com/theme/aranoz/img/elements/g1.jpg]
[preview.colorlib.com/theme/aranoz/img/elements/g2.jpg]
[preview.colorlib.com/theme/aranoz/img/elements/g3.jpg]
[preview.colorlib.com/theme/aranoz/img/elements/g4.jpg]
[preview.colorlib.com/theme/aranoz/img/elements/g5.jpg]
[preview.colorlib.com/theme/aranoz/img/elements/g6.jpg]
[preview.colorlib.com/theme/aranoz/img/elements/g7.jpg]
[preview.colorlib.com/theme/aranoz/img/elements/g8.jpg]
[preview.colorlib.com/theme/aranoz/img/footer_logo.png]
[preview.colorlib.com/theme/aranoz/elements.html]
[preview.colorlib.com/theme/aranoz/img/blog/xsingle_blog_1.png.pagespeed.ic.Fwk-gqJS2v.jpg]
[preview.colorlib.com/theme/aranoz/img/post/xpreview.png.pagespeed.ic.k5btB9V1Aa.jpg]
[preview.colorlib.com/theme/aranoz/img/post/xnext.png.pagespeed.ic.o6bzS5c3_p.jpg]
[preview.colorlib.com/theme/aranoz/img/blog/author.png]
[preview.colorlib.com/theme/aranoz/img/comment/comment_1.png]
[preview.colorlib.com/theme/aranoz/img/comment/comment_2.png]
[preview.colorlib.com/theme/aranoz/img/comment/comment_3.png]
[preview.colorlib.com/theme/aranoz/img/post/xpost_1.png.pagespeed.ic.VhSDC65MTC.jpg]
[preview.colorlib.com/theme/aranoz/img/post/xpost_2.png.pagespeed.ic.5NDzxSnIUw.jpg]
[preview.colorlib.com/theme/aranoz/img/post/xpost_3.png.pagespeed.ic.epUGhxWTdA.jpg]
[preview.colorlib.com/theme/aranoz/img/post/xpost_4.png.pagespeed.ic.hgkXn01NWF.jpg]
[preview.colorlib.com/theme/aranoz/img/post/xpost_5.png.pagespeed.ic.KAz1jHPYIp.jpg]
[preview.colorlib.com/theme/aranoz/img/post/xpost_6.png.pagespeed.ic.e0_C88I_TX.jpg]
[preview.colorlib.com/theme/aranoz/img/post/xpost_7.png.pagespeed.ic.w7kS-QUYhS.jpg]
[preview.colorlib.com/theme/aranoz/img/post/xpost_8.png.pagespeed.ic.dRhy-1GRb7.jpg]
[preview.colorlib.com/theme/aranoz/img/post/xpost_9.png.pagespeed.ic.o025Y97fkm.jpg]
[preview.colorlib.com/theme/aranoz/img/post/xpost_10.png.pagespeed.ic.dqMOEHSVKE.jpg]
[preview.colorlib.com/theme/aranoz/single-blog.html]
[preview.colorlib.com/theme/aranoz/contact.html]
[preview.colorlib.com/theme/aranoz/css/owl.video.play.html]
[preview.colorlib.com/theme/aranoz/webfonts/fa-brands-400.svg]
[preview.colorlib.com/theme/aranoz/webfonts/fa-regular-400.svg]
[preview.colorlib.com/theme/aranoz/webfonts/fa-solid-900.svg]
[preview.colorlib.com/theme/aranoz/fonts/Flaticon.html]
[preview.colorlib.com/theme/aranoz/css/Flaticon.html]
[preview.colorlib.com/theme/aranoz/fonts/themify9f24.svg]
[preview.colorlib.com/theme/aranoz/css/A.bootstrap.min.css+animate.css+owl.carousel.min.css+all.css+flaticon.css+themify-icons.css+magnific-popup.css+slick.css,Mcc.RptZlr4aGY.css.pagespeed.cf.MX3wy]
[preview.colorlib.com/theme/aranoz/css/bootstrap.min.css]
[preview.colorlib.com/theme/aranoz/css/animate.css]
[preview.colorlib.com/theme/aranoz/css/owl.carousel.min.css]
[preview.colorlib.com/theme/aranoz/css/nice-select.css]
[preview.colorlib.com/theme/aranoz/css/all.css]
[preview.colorlib.com/theme/aranoz/css/flaticon.css]
[preview.colorlib.com/theme/aranoz/css/themify-icons.css]
[preview.colorlib.com/theme/aranoz/css/magnific-popup.css]
[preview.colorlib.com/theme/aranoz/css/slick.css]
[preview.colorlib.com/theme/aranoz/css/price_rangs.css]
[preview.colorlib.com/theme/aranoz/css/lightslider.min.css]
[preview.colorlib.com/theme/aranoz/css/A.style.css.pagespeed.cf.I0xkebWZ-c.css]
[preview.colorlib.com/theme/aranoz/css/A.bootstrap.min.css+animate.css+owl.carousel.min.css+nice-select.css+all.css+flaticon.css+themify-icons.css+magnific-popup.css+slick.css+price_rangs.css,Mcc.1]
[preview.colorlib.com/theme/aranoz/img/controls.html]
